<?xml version="1.0" encoding="UTF-8"?>
<!-- Generated by org.testng.reporters.JUnitReportReporter -->
<testsuite hostname="DESKTOP-LEDVHGH" failures="0" tests="1" name="testcases.TC_17" time="4.479" errors="0" timestamp="2025-10-14T18:35:19 IST" skipped="0">
  <testcase classname="testcases.TC_17" name="testTC_15" time="4.479"/>
</testsuite> <!-- testcases.TC_17 -->
