<?xml version="1.0" encoding="UTF-8"?>
<!-- Generated by org.testng.reporters.JUnitReportReporter -->
<testsuite hostname="DESKTOP-LEDVHGH" failures="0" tests="1" name="testcases.TC_08" time="5.179" errors="0" timestamp="2025-10-09T12:47:27 IST" skipped="0">
  <testcase classname="testcases.TC_08" name="testTC_06" time="5.179"/>
</testsuite> <!-- testcases.TC_08 -->
