<?xml version="1.0" encoding="UTF-8"?>
<!-- Generated by org.testng.reporters.JUnitReportReporter -->
<testsuite hostname="DESKTOP-LEDVHGH" failures="0" tests="1" name="testcases.TC_21" time="3.622" errors="0" timestamp="2025-10-28T18:16:19 IST" skipped="0">
  <testcase classname="testcases.TC_21" name="testTC_18" time="3.622"/>
</testsuite> <!-- testcases.TC_21 -->
