<?xml version="1.0" encoding="UTF-8"?>
<!-- Generated by org.testng.reporters.JUnitReportReporter -->
<testsuite hostname="DESKTOP-LEDVHGH" failures="0" tests="1" name="testcases.TC_03" time="12.079" errors="0" timestamp="2025-10-08T16:26:06 IST" skipped="0">
  <testcase classname="testcases.TC_03" name="testTC_03" time="12.079"/>
</testsuite> <!-- testcases.TC_03 -->
