<?xml version="1.0" encoding="UTF-8"?>
<!-- Generated by org.testng.reporters.JUnitReportReporter -->
<testsuite hostname="DESKTOP-LEDVHGH" failures="0" tests="1" name="testcases.TC_12" time="7.186" errors="0" timestamp="2025-10-10T17:26:09 IST" skipped="0">
  <testcase classname="testcases.TC_12" name="testTC_12" time="7.186"/>
</testsuite> <!-- testcases.TC_12 -->
