<?xml version="1.0" encoding="UTF-8"?>
<!-- Generated by org.testng.reporters.JUnitReportReporter -->
<testsuite hostname="DESKTOP-LEDVHGH" failures="0" tests="1" name="testcases.TC_14" time="24.583" errors="0" timestamp="2025-10-12T16:37:13 IST" skipped="0">
  <testcase classname="testcases.TC_14" name="testTC_14" time="24.583"/>
</testsuite> <!-- testcases.TC_14 -->
