<?xml version="1.0" encoding="UTF-8"?>
<!-- Generated by org.testng.reporters.JUnitReportReporter -->
<testsuite hostname="DESKTOP-LEDVHGH" failures="0" tests="1" name="testcases.TC_20" time="24.092" errors="0" timestamp="2025-10-28T17:40:46 IST" skipped="0">
  <testcase classname="testcases.TC_20" name="testTC_18" time="24.092"/>
</testsuite> <!-- testcases.TC_20 -->
