<?xml version="1.0" encoding="UTF-8"?>
<!-- Generated by org.testng.reporters.JUnitReportReporter -->
<testsuite hostname="DESKTOP-LEDVHGH" failures="0" tests="1" name="testcases.TC_09" time="8.123" errors="0" timestamp="2025-10-09T18:25:14 IST" skipped="0">
  <testcase classname="testcases.TC_09" name="testTC_06" time="8.123"/>
</testsuite> <!-- testcases.TC_09 -->
