<?xml version="1.0" encoding="UTF-8"?>
<!-- Generated by org.testng.reporters.JUnitReportReporter -->
<testsuite hostname="DESKTOP-LEDVHGH" failures="0" tests="1" name="testcases.TC_19" time="5.717" errors="0" timestamp="2025-10-16T12:04:18 IST" skipped="0">
  <testcase classname="testcases.TC_19" name="testTC_18" time="5.717"/>
</testsuite> <!-- testcases.TC_19 -->
