<?xml version="1.0" encoding="UTF-8"?>
<!-- Generated by org.testng.reporters.JUnitReportReporter -->
<testsuite hostname="DESKTOP-LEDVHGH" failures="0" tests="1" name="testcases.TC_25" time="1.164" errors="0" timestamp="2025-10-29T16:06:37 IST" skipped="0">
  <testcase classname="testcases.TC_25" name="testTC_24" time="1.164"/>
</testsuite> <!-- testcases.TC_25 -->
