<?xml version="1.0" encoding="UTF-8"?>
<!-- Generated by org.testng.reporters.JUnitReportReporter -->
<testsuite hostname="DESKTOP-LEDVHGH" failures="0" tests="1" name="testcases.TC_01" time="42.901" errors="0" timestamp="2025-10-08T15:08:45 IST" skipped="0">
  <testcase classname="testcases.TC_01" name="testTC_01" time="42.901"/>
</testsuite> <!-- testcases.TC_01 -->
