<?xml version="1.0" encoding="UTF-8"?>
<!-- Generated by org.testng.reporters.JUnitReportReporter -->
<testsuite hostname="DESKTOP-LEDVHGH" failures="0" tests="1" name="testcases.TC_11" time="2.708" errors="0" timestamp="2025-10-09T18:40:18 IST" skipped="0">
  <testcase classname="testcases.TC_11" name="testTC_06" time="2.708"/>
</testsuite> <!-- testcases.TC_11 -->
