<?xml version="1.0" encoding="UTF-8"?>
<!-- Generated by org.testng.reporters.JUnitReportReporter -->
<testsuite hostname="DESKTOP-LEDVHGH" failures="0" tests="1" name="testcases.TC_24" time="55.390" errors="0" timestamp="2025-10-29T15:55:40 IST" skipped="0">
  <testcase classname="testcases.TC_24" name="testTC_24" time="55.390"/>
</testsuite> <!-- testcases.TC_24 -->
