<?xml version="1.0" encoding="UTF-8"?>
<!-- Generated by org.testng.reporters.JUnitReportReporter -->
<testsuite hostname="DESKTOP-LEDVHGH" failures="0" tests="1" name="testcases.TC_04" time="8.729" errors="0" timestamp="2025-10-08T16:40:47 IST" skipped="0">
  <testcase classname="testcases.TC_04" name="testTC_02" time="8.729"/>
</testsuite> <!-- testcases.TC_04 -->
