<?xml version="1.0" encoding="UTF-8"?>
<!-- Generated by org.testng.reporters.JUnitReportReporter -->
<testsuite hostname="DESKTOP-LEDVHGH" failures="0" tests="1" name="testcases.TC_13" time="6.382" errors="0" timestamp="2025-10-10T17:28:22 IST" skipped="0">
  <testcase classname="testcases.TC_13" name="testTC_13" time="6.382"/>
</testsuite> <!-- testcases.TC_13 -->
