<?xml version="1.0" encoding="UTF-8"?>
<!-- Generated by org.testng.reporters.JUnitReportReporter -->
<testsuite hostname="DESKTOP-LEDVHGH" failures="0" tests="1" name="testcases.TC_16" time="18.789" errors="0" timestamp="2025-10-13T19:25:31 IST" skipped="0">
  <testcase classname="testcases.TC_16" name="testTC_15" time="18.789"/>
</testsuite> <!-- testcases.TC_16 -->
