<?xml version="1.0" encoding="UTF-8"?>
<!-- Generated by org.testng.reporters.JUnitReportReporter -->
<testsuite hostname="DESKTOP-LEDVHGH" failures="0" tests="1" name="testcases.TC_06" time="7.947" errors="0" timestamp="2025-10-08T20:04:05 IST" skipped="0">
  <testcase classname="testcases.TC_06" name="testTC_06" time="7.947"/>
</testsuite> <!-- testcases.TC_06 -->
