<?xml version="1.0" encoding="UTF-8"?>
<!-- Generated by org.testng.reporters.JUnitReportReporter -->
<testsuite hostname="DESKTOP-LEDVHGH" failures="0" tests="1" name="testcases.TC_22" time="6.964" errors="0" timestamp="2025-10-28T21:39:23 IST" skipped="0">
  <testcase classname="testcases.TC_22" name="testTC_18" time="6.964"/>
</testsuite> <!-- testcases.TC_22 -->
