<?xml version="1.0" encoding="UTF-8"?>
<!-- Generated by org.testng.reporters.JUnitReportReporter -->
<testsuite hostname="DESKTOP-LEDVHGH" failures="0" tests="1" name="testcases.TC_18" time="5.991" errors="0" timestamp="2025-10-14T22:28:44 IST" skipped="0">
  <testcase classname="testcases.TC_18" name="testTC_18" time="5.991"/>
</testsuite> <!-- testcases.TC_18 -->
