<?xml version="1.0" encoding="UTF-8"?>
<!-- Generated by org.testng.reporters.JUnitReportReporter -->
<testsuite hostname="DESKTOP-LEDVHGH" failures="0" tests="1" name="testcases.TC_23" time="33.776" errors="0" timestamp="2025-10-28T22:49:10 IST" skipped="0">
  <testcase classname="testcases.TC_23" name="testTC_18" time="33.776"/>
</testsuite> <!-- testcases.TC_23 -->
