<?xml version="1.0" encoding="UTF-8"?>
<!-- Generated by org.testng.reporters.JUnitReportReporter -->
<testsuite hostname="DESKTOP-LEDVHGH" failures="0" tests="1" name="testcases.TC_05" time="2.978" errors="0" timestamp="2025-10-08T16:59:06 IST" skipped="0">
  <testcase classname="testcases.TC_05" name="testTC_05" time="2.978"/>
</testsuite> <!-- testcases.TC_05 -->
