<?xml version="1.0" encoding="UTF-8"?>
<!-- Generated by org.testng.reporters.JUnitReportReporter -->
<testsuite hostname="DESKTOP-LEDVHGH" failures="0" tests="1" name="testcases.TC_15" time="25.972" errors="0" timestamp="2025-10-12T19:34:35 IST" skipped="0">
  <testcase classname="testcases.TC_15" name="testTC_15" time="25.972"/>
</testsuite> <!-- testcases.TC_15 -->
